[34m                   _
           ___ ___| |___  ___ __ _ _ __
          / __/ __| / __|/ __/ _` | '_ \
          \__ \__ \ \__ \ (_| (_| | | | |
          |___/___/_|___/\___\__,_|_| |_|

		sslscan version 1.10.2 
		OpenSSL 1.0.2h  3 May 2016
[0m

[32mTesting SSL server pinboard.in on port 443[0m

  [34mSupported Client Cipher(s):[0m
    ECDHE-RSA-AES256-GCM-SHA384
    ECDHE-ECDSA-AES256-GCM-SHA384
    ECDHE-RSA-AES256-SHA384
    ECDHE-ECDSA-AES256-SHA384
    ECDHE-RSA-AES256-SHA
    ECDHE-ECDSA-AES256-SHA
    SRP-DSS-AES-256-CBC-SHA
    SRP-RSA-AES-256-CBC-SHA
    SRP-AES-256-CBC-SHA
    DH-DSS-AES256-GCM-SHA384
    DHE-DSS-AES256-GCM-SHA384
    DH-RSA-AES256-GCM-SHA384
    DHE-RSA-AES256-GCM-SHA384
    DHE-RSA-AES256-SHA256
    DHE-DSS-AES256-SHA256
    DH-RSA-AES256-SHA256
    DH-DSS-AES256-SHA256
    DHE-RSA-AES256-SHA
    DHE-DSS-AES256-SHA
    DH-RSA-AES256-SHA
    DH-DSS-AES256-SHA
    DHE-RSA-CAMELLIA256-SHA
    DHE-DSS-CAMELLIA256-SHA
    DH-RSA-CAMELLIA256-SHA
    DH-DSS-CAMELLIA256-SHA
    AECDH-AES256-SHA
    ADH-AES256-GCM-SHA384
    ADH-AES256-SHA256
    ADH-AES256-SHA
    ADH-CAMELLIA256-SHA
    ECDH-RSA-AES256-GCM-SHA384
    ECDH-ECDSA-AES256-GCM-SHA384
    ECDH-RSA-AES256-SHA384
    ECDH-ECDSA-AES256-SHA384
    ECDH-RSA-AES256-SHA
    ECDH-ECDSA-AES256-SHA
    AES256-GCM-SHA384
    AES256-SHA256
    AES256-SHA
    CAMELLIA256-SHA
    PSK-AES256-CBC-SHA
    ECDHE-RSA-AES128-GCM-SHA256
    ECDHE-ECDSA-AES128-GCM-SHA256
    ECDHE-RSA-AES128-SHA256
    ECDHE-ECDSA-AES128-SHA256
    ECDHE-RSA-AES128-SHA
    ECDHE-ECDSA-AES128-SHA
    SRP-DSS-AES-128-CBC-SHA
    SRP-RSA-AES-128-CBC-SHA
    SRP-AES-128-CBC-SHA
    DH-DSS-AES128-GCM-SHA256
    DHE-DSS-AES128-GCM-SHA256
    DH-RSA-AES128-GCM-SHA256
    DHE-RSA-AES128-GCM-SHA256
    DHE-RSA-AES128-SHA256
    DHE-DSS-AES128-SHA256
    DH-RSA-AES128-SHA256
    DH-DSS-AES128-SHA256
    DHE-RSA-AES128-SHA
    DHE-DSS-AES128-SHA
    DH-RSA-AES128-SHA
    DH-DSS-AES128-SHA
    DHE-RSA-SEED-SHA
    DHE-DSS-SEED-SHA
    DH-RSA-SEED-SHA
    DH-DSS-SEED-SHA
    DHE-RSA-CAMELLIA128-SHA
    DHE-DSS-CAMELLIA128-SHA
    DH-RSA-CAMELLIA128-SHA
    DH-DSS-CAMELLIA128-SHA
    AECDH-AES128-SHA
    ADH-AES128-GCM-SHA256
    ADH-AES128-SHA256
    ADH-AES128-SHA
    ADH-SEED-SHA
    ADH-CAMELLIA128-SHA
    ECDH-RSA-AES128-GCM-SHA256
    ECDH-ECDSA-AES128-GCM-SHA256
    ECDH-RSA-AES128-SHA256
    ECDH-ECDSA-AES128-SHA256
    ECDH-RSA-AES128-SHA
    ECDH-ECDSA-AES128-SHA
    AES128-GCM-SHA256
    AES128-SHA256
    AES128-SHA
    SEED-SHA
    CAMELLIA128-SHA
    IDEA-CBC-SHA
    PSK-AES128-CBC-SHA
    ECDHE-RSA-RC4-SHA
    ECDHE-ECDSA-RC4-SHA
    AECDH-RC4-SHA
    ADH-RC4-MD5
    ECDH-RSA-RC4-SHA
    ECDH-ECDSA-RC4-SHA
    RC4-SHA
    RC4-MD5
    PSK-RC4-SHA
    ECDHE-RSA-DES-CBC3-SHA
    ECDHE-ECDSA-DES-CBC3-SHA
    SRP-DSS-3DES-EDE-CBC-SHA
    SRP-RSA-3DES-EDE-CBC-SHA
    SRP-3DES-EDE-CBC-SHA
    EDH-RSA-DES-CBC3-SHA
    EDH-DSS-DES-CBC3-SHA
    DH-RSA-DES-CBC3-SHA
    DH-DSS-DES-CBC3-SHA
    AECDH-DES-CBC3-SHA
    ADH-DES-CBC3-SHA
    ECDH-RSA-DES-CBC3-SHA
    ECDH-ECDSA-DES-CBC3-SHA
    DES-CBC3-SHA
    PSK-3DES-EDE-CBC-SHA
    ECDHE-RSA-NULL-SHA
    ECDHE-ECDSA-NULL-SHA
    AECDH-NULL-SHA
    ECDH-RSA-NULL-SHA
    ECDH-ECDSA-NULL-SHA
    NULL-SHA256
    NULL-SHA
    NULL-MD5
    ECDHE-RSA-AES256-GCM-SHA384
    ECDHE-ECDSA-AES256-GCM-SHA384
    ECDHE-RSA-AES256-SHA384
    ECDHE-ECDSA-AES256-SHA384
    ECDHE-RSA-AES256-SHA
    ECDHE-ECDSA-AES256-SHA
    SRP-DSS-AES-256-CBC-SHA
    SRP-RSA-AES-256-CBC-SHA
    SRP-AES-256-CBC-SHA
    DH-DSS-AES256-GCM-SHA384
    DHE-DSS-AES256-GCM-SHA384
    DH-RSA-AES256-GCM-SHA384
    DHE-RSA-AES256-GCM-SHA384
    DHE-RSA-AES256-SHA256
    DHE-DSS-AES256-SHA256
    DH-RSA-AES256-SHA256
    DH-DSS-AES256-SHA256
    DHE-RSA-AES256-SHA
    DHE-DSS-AES256-SHA
    DH-RSA-AES256-SHA
    DH-DSS-AES256-SHA
    DHE-RSA-CAMELLIA256-SHA
    DHE-DSS-CAMELLIA256-SHA
    DH-RSA-CAMELLIA256-SHA
    DH-DSS-CAMELLIA256-SHA
    AECDH-AES256-SHA
    ADH-AES256-GCM-SHA384
    ADH-AES256-SHA256
    ADH-AES256-SHA
    ADH-CAMELLIA256-SHA
    ECDH-RSA-AES256-GCM-SHA384
    ECDH-ECDSA-AES256-GCM-SHA384
    ECDH-RSA-AES256-SHA384
    ECDH-ECDSA-AES256-SHA384
    ECDH-RSA-AES256-SHA
    ECDH-ECDSA-AES256-SHA
    AES256-GCM-SHA384
    AES256-SHA256
    AES256-SHA
    CAMELLIA256-SHA
    PSK-AES256-CBC-SHA
    ECDHE-RSA-AES128-GCM-SHA256
    ECDHE-ECDSA-AES128-GCM-SHA256
    ECDHE-RSA-AES128-SHA256
    ECDHE-ECDSA-AES128-SHA256
    ECDHE-RSA-AES128-SHA
    ECDHE-ECDSA-AES128-SHA
    SRP-DSS-AES-128-CBC-SHA
    SRP-RSA-AES-128-CBC-SHA
    SRP-AES-128-CBC-SHA
    DH-DSS-AES128-GCM-SHA256
    DHE-DSS-AES128-GCM-SHA256
    DH-RSA-AES128-GCM-SHA256
    DHE-RSA-AES128-GCM-SHA256
    DHE-RSA-AES128-SHA256
    DHE-DSS-AES128-SHA256
    DH-RSA-AES128-SHA256
    DH-DSS-AES128-SHA256
    DHE-RSA-AES128-SHA
    DHE-DSS-AES128-SHA
    DH-RSA-AES128-SHA
    DH-DSS-AES128-SHA
    DHE-RSA-SEED-SHA
    DHE-DSS-SEED-SHA
    DH-RSA-SEED-SHA
    DH-DSS-SEED-SHA
    DHE-RSA-CAMELLIA128-SHA
    DHE-DSS-CAMELLIA128-SHA
    DH-RSA-CAMELLIA128-SHA
    DH-DSS-CAMELLIA128-SHA
    AECDH-AES128-SHA
    ADH-AES128-GCM-SHA256
    ADH-AES128-SHA256
    ADH-AES128-SHA
    ADH-SEED-SHA
    ADH-CAMELLIA128-SHA
    ECDH-RSA-AES128-GCM-SHA256
    ECDH-ECDSA-AES128-GCM-SHA256
    ECDH-RSA-AES128-SHA256
    ECDH-ECDSA-AES128-SHA256
    ECDH-RSA-AES128-SHA
    ECDH-ECDSA-AES128-SHA
    AES128-GCM-SHA256
    AES128-SHA256
    AES128-SHA
    SEED-SHA
    CAMELLIA128-SHA
    IDEA-CBC-SHA
    PSK-AES128-CBC-SHA
    ECDHE-RSA-RC4-SHA
    ECDHE-ECDSA-RC4-SHA
    AECDH-RC4-SHA
    ADH-RC4-MD5
    ECDH-RSA-RC4-SHA
    ECDH-ECDSA-RC4-SHA
    RC4-SHA
    RC4-MD5
    PSK-RC4-SHA
    ECDHE-RSA-DES-CBC3-SHA
    ECDHE-ECDSA-DES-CBC3-SHA
    SRP-DSS-3DES-EDE-CBC-SHA
    SRP-RSA-3DES-EDE-CBC-SHA
    SRP-3DES-EDE-CBC-SHA
    EDH-RSA-DES-CBC3-SHA
    EDH-DSS-DES-CBC3-SHA
    DH-RSA-DES-CBC3-SHA
    DH-DSS-DES-CBC3-SHA
    AECDH-DES-CBC3-SHA
    ADH-DES-CBC3-SHA
    ECDH-RSA-DES-CBC3-SHA
    ECDH-ECDSA-DES-CBC3-SHA
    DES-CBC3-SHA
    PSK-3DES-EDE-CBC-SHA
    ECDHE-RSA-NULL-SHA
    ECDHE-ECDSA-NULL-SHA
    AECDH-NULL-SHA
    ECDH-RSA-NULL-SHA
    ECDH-ECDSA-NULL-SHA
    NULL-SHA256
    NULL-SHA
    NULL-MD5
    ECDHE-RSA-AES256-GCM-SHA384
    ECDHE-ECDSA-AES256-GCM-SHA384
    ECDHE-RSA-AES256-SHA384
    ECDHE-ECDSA-AES256-SHA384
    ECDHE-RSA-AES256-SHA
    ECDHE-ECDSA-AES256-SHA
    SRP-DSS-AES-256-CBC-SHA
    SRP-RSA-AES-256-CBC-SHA
    SRP-AES-256-CBC-SHA
    DH-DSS-AES256-GCM-SHA384
    DHE-DSS-AES256-GCM-SHA384
    DH-RSA-AES256-GCM-SHA384
    DHE-RSA-AES256-GCM-SHA384
    DHE-RSA-AES256-SHA256
    DHE-DSS-AES256-SHA256
    DH-RSA-AES256-SHA256
    DH-DSS-AES256-SHA256
    DHE-RSA-AES256-SHA
    DHE-DSS-AES256-SHA
    DH-RSA-AES256-SHA
    DH-DSS-AES256-SHA
    DHE-RSA-CAMELLIA256-SHA
    DHE-DSS-CAMELLIA256-SHA
    DH-RSA-CAMELLIA256-SHA
    DH-DSS-CAMELLIA256-SHA
    AECDH-AES256-SHA
    ADH-AES256-GCM-SHA384
    ADH-AES256-SHA256
    ADH-AES256-SHA
    ADH-CAMELLIA256-SHA
    ECDH-RSA-AES256-GCM-SHA384
    ECDH-ECDSA-AES256-GCM-SHA384
    ECDH-RSA-AES256-SHA384
    ECDH-ECDSA-AES256-SHA384
    ECDH-RSA-AES256-SHA
    ECDH-ECDSA-AES256-SHA
    AES256-GCM-SHA384
    AES256-SHA256
    AES256-SHA
    CAMELLIA256-SHA
    PSK-AES256-CBC-SHA
    ECDHE-RSA-AES128-GCM-SHA256
    ECDHE-ECDSA-AES128-GCM-SHA256
    ECDHE-RSA-AES128-SHA256
    ECDHE-ECDSA-AES128-SHA256
    ECDHE-RSA-AES128-SHA
    ECDHE-ECDSA-AES128-SHA
    SRP-DSS-AES-128-CBC-SHA
    SRP-RSA-AES-128-CBC-SHA
    SRP-AES-128-CBC-SHA
    DH-DSS-AES128-GCM-SHA256
    DHE-DSS-AES128-GCM-SHA256
    DH-RSA-AES128-GCM-SHA256
    DHE-RSA-AES128-GCM-SHA256
    DHE-RSA-AES128-SHA256
    DHE-DSS-AES128-SHA256
    DH-RSA-AES128-SHA256
    DH-DSS-AES128-SHA256
    DHE-RSA-AES128-SHA
    DHE-DSS-AES128-SHA
    DH-RSA-AES128-SHA
    DH-DSS-AES128-SHA
    DHE-RSA-SEED-SHA
    DHE-DSS-SEED-SHA
    DH-RSA-SEED-SHA
    DH-DSS-SEED-SHA
    DHE-RSA-CAMELLIA128-SHA
    DHE-DSS-CAMELLIA128-SHA
    DH-RSA-CAMELLIA128-SHA
    DH-DSS-CAMELLIA128-SHA
    AECDH-AES128-SHA
    ADH-AES128-GCM-SHA256
    ADH-AES128-SHA256
    ADH-AES128-SHA
    ADH-SEED-SHA
    ADH-CAMELLIA128-SHA
    ECDH-RSA-AES128-GCM-SHA256
    ECDH-ECDSA-AES128-GCM-SHA256
    ECDH-RSA-AES128-SHA256
    ECDH-ECDSA-AES128-SHA256
    ECDH-RSA-AES128-SHA
    ECDH-ECDSA-AES128-SHA
    AES128-GCM-SHA256
    AES128-SHA256
    AES128-SHA
    SEED-SHA
    CAMELLIA128-SHA
    IDEA-CBC-SHA
    PSK-AES128-CBC-SHA
    ECDHE-RSA-RC4-SHA
    ECDHE-ECDSA-RC4-SHA
    AECDH-RC4-SHA
    ADH-RC4-MD5
    ECDH-RSA-RC4-SHA
    ECDH-ECDSA-RC4-SHA
    RC4-SHA
    RC4-MD5
    PSK-RC4-SHA
    ECDHE-RSA-DES-CBC3-SHA
    ECDHE-ECDSA-DES-CBC3-SHA
    SRP-DSS-3DES-EDE-CBC-SHA
    SRP-RSA-3DES-EDE-CBC-SHA
    SRP-3DES-EDE-CBC-SHA
    EDH-RSA-DES-CBC3-SHA
    EDH-DSS-DES-CBC3-SHA
    DH-RSA-DES-CBC3-SHA
    DH-DSS-DES-CBC3-SHA
    AECDH-DES-CBC3-SHA
    ADH-DES-CBC3-SHA
    ECDH-RSA-DES-CBC3-SHA
    ECDH-ECDSA-DES-CBC3-SHA
    DES-CBC3-SHA
    PSK-3DES-EDE-CBC-SHA
    ECDHE-RSA-NULL-SHA
    ECDHE-ECDSA-NULL-SHA
    AECDH-NULL-SHA
    ECDH-RSA-NULL-SHA
    ECDH-ECDSA-NULL-SHA
    NULL-SHA256
    NULL-SHA
    NULL-MD5
  [34mSupported Server Cipher(s):[0m
    Failed    TLSv1  256 bits  ECDHE-RSA-AES256-GCM-SHA384
    Failed    TLSv1  256 bits  ECDHE-ECDSA-AES256-GCM-SHA384
    Failed    TLSv1  256 bits  ECDHE-RSA-AES256-SHA384
    Failed    TLSv1  256 bits  ECDHE-ECDSA-AES256-SHA384
    Accepted  TLSv1  256 bits  ECDHE-RSA-AES256-SHA
    Rejected  TLSv1  256 bits  ECDHE-ECDSA-AES256-SHA
    Failed    TLSv1  256 bits  SRP-DSS-AES-256-CBC-SHA
    Failed    TLSv1  256 bits  SRP-RSA-AES-256-CBC-SHA
    Failed    TLSv1  256 bits  SRP-AES-256-CBC-SHA
    Failed    TLSv1  256 bits  DH-DSS-AES256-GCM-SHA384
    Failed    TLSv1  256 bits  DHE-DSS-AES256-GCM-SHA384
    Failed    TLSv1  256 bits  DH-RSA-AES256-GCM-SHA384
    Failed    TLSv1  256 bits  DHE-RSA-AES256-GCM-SHA384
    Failed    TLSv1  256 bits  DHE-RSA-AES256-SHA256
    Failed    TLSv1  256 bits  DHE-DSS-AES256-SHA256
    Failed    TLSv1  256 bits  DH-RSA-AES256-SHA256
    Failed    TLSv1  256 bits  DH-DSS-AES256-SHA256
    Accepted  TLSv1  256 bits  DHE-RSA-AES256-SHA
    Rejected  TLSv1  256 bits  DHE-DSS-AES256-SHA
    Rejected  TLSv1  256 bits  DH-RSA-AES256-SHA
    Rejected  TLSv1  256 bits  DH-DSS-AES256-SHA
    Rejected  TLSv1  256 bits  DHE-RSA-CAMELLIA256-SHA
    Rejected  TLSv1  256 bits  DHE-DSS-CAMELLIA256-SHA
    Rejected  TLSv1  256 bits  DH-RSA-CAMELLIA256-SHA
    Rejected  TLSv1  256 bits  DH-DSS-CAMELLIA256-SHA
    Rejected  TLSv1  256 bits  AECDH-AES256-SHA
    Failed    TLSv1  256 bits  ADH-AES256-GCM-SHA384
    Failed    TLSv1  256 bits  ADH-AES256-SHA256
    Rejected  TLSv1  256 bits  ADH-AES256-SHA
    Rejected  TLSv1  256 bits  ADH-CAMELLIA256-SHA
    Failed    TLSv1  256 bits  ECDH-RSA-AES256-GCM-SHA384
    Failed    TLSv1  256 bits  ECDH-ECDSA-AES256-GCM-SHA384
    Failed    TLSv1  256 bits  ECDH-RSA-AES256-SHA384
    Failed    TLSv1  256 bits  ECDH-ECDSA-AES256-SHA384
    Rejected  TLSv1  256 bits  ECDH-RSA-AES256-SHA
    Rejected  TLSv1  256 bits  ECDH-ECDSA-AES256-SHA
    Failed    TLSv1  256 bits  AES256-GCM-SHA384
    Failed    TLSv1  256 bits  AES256-SHA256
    Rejected  TLSv1  256 bits  AES256-SHA
    Rejected  TLSv1  256 bits  CAMELLIA256-SHA
    Failed    TLSv1  256 bits  PSK-AES256-CBC-SHA
    Failed    TLSv1  128 bits  ECDHE-RSA-AES128-GCM-SHA256
    Failed    TLSv1  128 bits  ECDHE-ECDSA-AES128-GCM-SHA256
    Failed    TLSv1  128 bits  ECDHE-RSA-AES128-SHA256
    Failed    TLSv1  128 bits  ECDHE-ECDSA-AES128-SHA256
    Accepted  TLSv1  128 bits  ECDHE-RSA-AES128-SHA
    Rejected  TLSv1  128 bits  ECDHE-ECDSA-AES128-SHA
    Failed    TLSv1  128 bits  SRP-DSS-AES-128-CBC-SHA
    Failed    TLSv1  128 bits  SRP-RSA-AES-128-CBC-SHA
    Failed    TLSv1  128 bits  SRP-AES-128-CBC-SHA
    Failed    TLSv1  128 bits  DH-DSS-AES128-GCM-SHA256
    Failed    TLSv1  128 bits  DHE-DSS-AES128-GCM-SHA256
    Failed    TLSv1  128 bits  DH-RSA-AES128-GCM-SHA256
    Failed    TLSv1  128 bits  DHE-RSA-AES128-GCM-SHA256
    Failed    TLSv1  128 bits  DHE-RSA-AES128-SHA256
    Failed    TLSv1  128 bits  DHE-DSS-AES128-SHA256
    Failed    TLSv1  128 bits  DH-RSA-AES128-SHA256
    Failed    TLSv1  128 bits  DH-DSS-AES128-SHA256
    Accepted  TLSv1  128 bits  DHE-RSA-AES128-SHA
    Rejected  TLSv1  128 bits  DHE-DSS-AES128-SHA
    Rejected  TLSv1  128 bits  DH-RSA-AES128-SHA
    Rejected  TLSv1  128 bits  DH-DSS-AES128-SHA
    Rejected  TLSv1  128 bits  DHE-RSA-SEED-SHA
    Rejected  TLSv1  128 bits  DHE-DSS-SEED-SHA
    Rejected  TLSv1  128 bits  DH-RSA-SEED-SHA
    Rejected  TLSv1  128 bits  DH-DSS-SEED-SHA
    Rejected  TLSv1  128 bits  DHE-RSA-CAMELLIA128-SHA
    Rejected  TLSv1  128 bits  DHE-DSS-CAMELLIA128-SHA
    Rejected  TLSv1  128 bits  DH-RSA-CAMELLIA128-SHA
    Rejected  TLSv1  128 bits  DH-DSS-CAMELLIA128-SHA
    Rejected  TLSv1  128 bits  AECDH-AES128-SHA
    Failed    TLSv1  128 bits  ADH-AES128-GCM-SHA256
    Failed    TLSv1  128 bits  ADH-AES128-SHA256
    Rejected  TLSv1  128 bits  ADH-AES128-SHA
    Rejected  TLSv1  128 bits  ADH-SEED-SHA
    Rejected  TLSv1  128 bits  ADH-CAMELLIA128-SHA
    Failed    TLSv1  128 bits  ECDH-RSA-AES128-GCM-SHA256
    Failed    TLSv1  128 bits  ECDH-ECDSA-AES128-GCM-SHA256
    Failed    TLSv1  128 bits  ECDH-RSA-AES128-SHA256
    Failed    TLSv1  128 bits  ECDH-ECDSA-AES128-SHA256
    Rejected  TLSv1  128 bits  ECDH-RSA-AES128-SHA
    Rejected  TLSv1  128 bits  ECDH-ECDSA-AES128-SHA
    Failed    TLSv1  128 bits  AES128-GCM-SHA256
    Failed    TLSv1  128 bits  AES128-SHA256
    Rejected  TLSv1  128 bits  AES128-SHA
    Rejected  TLSv1  128 bits  SEED-SHA
    Rejected  TLSv1  128 bits  CAMELLIA128-SHA
    Rejected  TLSv1  128 bits  IDEA-CBC-SHA
    Failed    TLSv1  128 bits  PSK-AES128-CBC-SHA
    Accepted  TLSv1  128 bits  ECDHE-RSA-RC4-SHA
    Rejected  TLSv1  128 bits  ECDHE-ECDSA-RC4-SHA
    Rejected  TLSv1  128 bits  AECDH-RC4-SHA
    Rejected  TLSv1  128 bits  ADH-RC4-MD5
    Rejected  TLSv1  128 bits  ECDH-RSA-RC4-SHA
    Rejected  TLSv1  128 bits  ECDH-ECDSA-RC4-SHA
    Accepted  TLSv1  128 bits  RC4-SHA
    Rejected  TLSv1  128 bits  RC4-MD5
    Failed    TLSv1  128 bits  PSK-RC4-SHA
    Rejected  TLSv1  112 bits  ECDHE-RSA-DES-CBC3-SHA
    Rejected  TLSv1  112 bits  ECDHE-ECDSA-DES-CBC3-SHA
    Failed    TLSv1  112 bits  SRP-DSS-3DES-EDE-CBC-SHA
    Failed    TLSv1  112 bits  SRP-RSA-3DES-EDE-CBC-SHA
    Failed    TLSv1  112 bits  SRP-3DES-EDE-CBC-SHA
    Rejected  TLSv1  112 bits  EDH-RSA-DES-CBC3-SHA
    Rejected  TLSv1  112 bits  EDH-DSS-DES-CBC3-SHA
    Rejected  TLSv1  112 bits  DH-RSA-DES-CBC3-SHA
    Rejected  TLSv1  112 bits  DH-DSS-DES-CBC3-SHA
    Rejected  TLSv1  112 bits  AECDH-DES-CBC3-SHA
    Rejected  TLSv1  112 bits  ADH-DES-CBC3-SHA
    Rejected  TLSv1  112 bits  ECDH-RSA-DES-CBC3-SHA
    Rejected  TLSv1  112 bits  ECDH-ECDSA-DES-CBC3-SHA
    Rejected  TLSv1  112 bits  DES-CBC3-SHA
    Failed    TLSv1  112 bits  PSK-3DES-EDE-CBC-SHA
    Rejected  TLSv1  0 bits    ECDHE-RSA-NULL-SHA
    Rejected  TLSv1  0 bits    ECDHE-ECDSA-NULL-SHA
    Rejected  TLSv1  0 bits    AECDH-NULL-SHA
    Rejected  TLSv1  0 bits    ECDH-RSA-NULL-SHA
    Rejected  TLSv1  0 bits    ECDH-ECDSA-NULL-SHA
    Failed    TLSv1  0 bits    NULL-SHA256
    Rejected  TLSv1  0 bits    NULL-SHA
    Rejected  TLSv1  0 bits    NULL-MD5
    Failed    TLS11  256 bits  ECDHE-RSA-AES256-GCM-SHA384
    Failed    TLS11  256 bits  ECDHE-ECDSA-AES256-GCM-SHA384
    Failed    TLS11  256 bits  ECDHE-RSA-AES256-SHA384
    Failed    TLS11  256 bits  ECDHE-ECDSA-AES256-SHA384
    Accepted  TLS11  256 bits  ECDHE-RSA-AES256-SHA
    Rejected  TLS11  256 bits  ECDHE-ECDSA-AES256-SHA
    Failed    TLS11  256 bits  SRP-DSS-AES-256-CBC-SHA
    Failed    TLS11  256 bits  SRP-RSA-AES-256-CBC-SHA
    Failed    TLS11  256 bits  SRP-AES-256-CBC-SHA
    Failed    TLS11  256 bits  DH-DSS-AES256-GCM-SHA384
    Failed    TLS11  256 bits  DHE-DSS-AES256-GCM-SHA384
    Failed    TLS11  256 bits  DH-RSA-AES256-GCM-SHA384
    Failed    TLS11  256 bits  DHE-RSA-AES256-GCM-SHA384
    Failed    TLS11  256 bits  DHE-RSA-AES256-SHA256
    Failed    TLS11  256 bits  DHE-DSS-AES256-SHA256
    Failed    TLS11  256 bits  DH-RSA-AES256-SHA256
    Failed    TLS11  256 bits  DH-DSS-AES256-SHA256
    Accepted  TLS11  256 bits  DHE-RSA-AES256-SHA
    Rejected  TLS11  256 bits  DHE-DSS-AES256-SHA
    Rejected  TLS11  256 bits  DH-RSA-AES256-SHA
    Rejected  TLS11  256 bits  DH-DSS-AES256-SHA
    Rejected  TLS11  256 bits  DHE-RSA-CAMELLIA256-SHA
    Rejected  TLS11  256 bits  DHE-DSS-CAMELLIA256-SHA
    Rejected  TLS11  256 bits  DH-RSA-CAMELLIA256-SHA
    Rejected  TLS11  256 bits  DH-DSS-CAMELLIA256-SHA
    Rejected  TLS11  256 bits  AECDH-AES256-SHA
    Failed    TLS11  256 bits  ADH-AES256-GCM-SHA384
    Failed    TLS11  256 bits  ADH-AES256-SHA256
    Rejected  TLS11  256 bits  ADH-AES256-SHA
    Rejected  TLS11  256 bits  ADH-CAMELLIA256-SHA
    Failed    TLS11  256 bits  ECDH-RSA-AES256-GCM-SHA384
    Failed    TLS11  256 bits  ECDH-ECDSA-AES256-GCM-SHA384
    Failed    TLS11  256 bits  ECDH-RSA-AES256-SHA384
    Failed    TLS11  256 bits  ECDH-ECDSA-AES256-SHA384
    Rejected  TLS11  256 bits  ECDH-RSA-AES256-SHA
    Rejected  TLS11  256 bits  ECDH-ECDSA-AES256-SHA
    Failed    TLS11  256 bits  AES256-GCM-SHA384
    Failed    TLS11  256 bits  AES256-SHA256
    Rejected  TLS11  256 bits  AES256-SHA
    Rejected  TLS11  256 bits  CAMELLIA256-SHA
    Failed    TLS11  256 bits  PSK-AES256-CBC-SHA
    Failed    TLS11  128 bits  ECDHE-RSA-AES128-GCM-SHA256
    Failed    TLS11  128 bits  ECDHE-ECDSA-AES128-GCM-SHA256
    Failed    TLS11  128 bits  ECDHE-RSA-AES128-SHA256
    Failed    TLS11  128 bits  ECDHE-ECDSA-AES128-SHA256
    Accepted  TLS11  128 bits  ECDHE-RSA-AES128-SHA
    Rejected  TLS11  128 bits  ECDHE-ECDSA-AES128-SHA
    Failed    TLS11  128 bits  SRP-DSS-AES-128-CBC-SHA
    Failed    TLS11  128 bits  SRP-RSA-AES-128-CBC-SHA
    Failed    TLS11  128 bits  SRP-AES-128-CBC-SHA
    Failed    TLS11  128 bits  DH-DSS-AES128-GCM-SHA256
    Failed    TLS11  128 bits  DHE-DSS-AES128-GCM-SHA256
    Failed    TLS11  128 bits  DH-RSA-AES128-GCM-SHA256
    Failed    TLS11  128 bits  DHE-RSA-AES128-GCM-SHA256
    Failed    TLS11  128 bits  DHE-RSA-AES128-SHA256
    Failed    TLS11  128 bits  DHE-DSS-AES128-SHA256
    Failed    TLS11  128 bits  DH-RSA-AES128-SHA256
    Failed    TLS11  128 bits  DH-DSS-AES128-SHA256
    Accepted  TLS11  128 bits  DHE-RSA-AES128-SHA
    Rejected  TLS11  128 bits  DHE-DSS-AES128-SHA
    Rejected  TLS11  128 bits  DH-RSA-AES128-SHA
    Rejected  TLS11  128 bits  DH-DSS-AES128-SHA
    Rejected  TLS11  128 bits  DHE-RSA-SEED-SHA
    Rejected  TLS11  128 bits  DHE-DSS-SEED-SHA
    Rejected  TLS11  128 bits  DH-RSA-SEED-SHA
    Rejected  TLS11  128 bits  DH-DSS-SEED-SHA
    Rejected  TLS11  128 bits  DHE-RSA-CAMELLIA128-SHA
    Rejected  TLS11  128 bits  DHE-DSS-CAMELLIA128-SHA
    Rejected  TLS11  128 bits  DH-RSA-CAMELLIA128-SHA
    Rejected  TLS11  128 bits  DH-DSS-CAMELLIA128-SHA
    Rejected  TLS11  128 bits  AECDH-AES128-SHA
    Failed    TLS11  128 bits  ADH-AES128-GCM-SHA256
    Failed    TLS11  128 bits  ADH-AES128-SHA256
    Rejected  TLS11  128 bits  ADH-AES128-SHA
    Rejected  TLS11  128 bits  ADH-SEED-SHA
    Rejected  TLS11  128 bits  ADH-CAMELLIA128-SHA
    Failed    TLS11  128 bits  ECDH-RSA-AES128-GCM-SHA256
    Failed    TLS11  128 bits  ECDH-ECDSA-AES128-GCM-SHA256
    Failed    TLS11  128 bits  ECDH-RSA-AES128-SHA256
    Failed    TLS11  128 bits  ECDH-ECDSA-AES128-SHA256
    Rejected  TLS11  128 bits  ECDH-RSA-AES128-SHA
    Rejected  TLS11  128 bits  ECDH-ECDSA-AES128-SHA
    Failed    TLS11  128 bits  AES128-GCM-SHA256
    Failed    TLS11  128 bits  AES128-SHA256
    Rejected  TLS11  128 bits  AES128-SHA
    Rejected  TLS11  128 bits  SEED-SHA
    Rejected  TLS11  128 bits  CAMELLIA128-SHA
    Rejected  TLS11  128 bits  IDEA-CBC-SHA
    Failed    TLS11  128 bits  PSK-AES128-CBC-SHA
    Accepted  TLS11  128 bits  ECDHE-RSA-RC4-SHA
    Rejected  TLS11  128 bits  ECDHE-ECDSA-RC4-SHA
    Rejected  TLS11  128 bits  AECDH-RC4-SHA
    Rejected  TLS11  128 bits  ADH-RC4-MD5
    Rejected  TLS11  128 bits  ECDH-RSA-RC4-SHA
    Rejected  TLS11  128 bits  ECDH-ECDSA-RC4-SHA
    Accepted  TLS11  128 bits  RC4-SHA
    Rejected  TLS11  128 bits  RC4-MD5
    Failed    TLS11  128 bits  PSK-RC4-SHA
    Rejected  TLS11  112 bits  ECDHE-RSA-DES-CBC3-SHA
    Rejected  TLS11  112 bits  ECDHE-ECDSA-DES-CBC3-SHA
    Failed    TLS11  112 bits  SRP-DSS-3DES-EDE-CBC-SHA
    Failed    TLS11  112 bits  SRP-RSA-3DES-EDE-CBC-SHA
    Failed    TLS11  112 bits  SRP-3DES-EDE-CBC-SHA
    Rejected  TLS11  112 bits  EDH-RSA-DES-CBC3-SHA
    Rejected  TLS11  112 bits  EDH-DSS-DES-CBC3-SHA
    Rejected  TLS11  112 bits  DH-RSA-DES-CBC3-SHA
    Rejected  TLS11  112 bits  DH-DSS-DES-CBC3-SHA
    Rejected  TLS11  112 bits  AECDH-DES-CBC3-SHA
    Rejected  TLS11  112 bits  ADH-DES-CBC3-SHA
    Rejected  TLS11  112 bits  ECDH-RSA-DES-CBC3-SHA
    Rejected  TLS11  112 bits  ECDH-ECDSA-DES-CBC3-SHA
    Rejected  TLS11  112 bits  DES-CBC3-SHA
    Failed    TLS11  112 bits  PSK-3DES-EDE-CBC-SHA
    Rejected  TLS11  0 bits    ECDHE-RSA-NULL-SHA
    Rejected  TLS11  0 bits    ECDHE-ECDSA-NULL-SHA
    Rejected  TLS11  0 bits    AECDH-NULL-SHA
    Rejected  TLS11  0 bits    ECDH-RSA-NULL-SHA
    Rejected  TLS11  0 bits    ECDH-ECDSA-NULL-SHA
    Failed    TLS11  0 bits    NULL-SHA256
    Rejected  TLS11  0 bits    NULL-SHA
    Rejected  TLS11  0 bits    NULL-MD5
    Accepted  TLS12  256 bits  ECDHE-RSA-AES256-GCM-SHA384
    Rejected  TLS12  256 bits  ECDHE-ECDSA-AES256-GCM-SHA384
    Accepted  TLS12  256 bits  ECDHE-RSA-AES256-SHA384
    Rejected  TLS12  256 bits  ECDHE-ECDSA-AES256-SHA384
    Accepted  TLS12  256 bits  ECDHE-RSA-AES256-SHA
    Rejected  TLS12  256 bits  ECDHE-ECDSA-AES256-SHA
    Failed    TLS12  256 bits  SRP-DSS-AES-256-CBC-SHA
    Failed    TLS12  256 bits  SRP-RSA-AES-256-CBC-SHA
    Failed    TLS12  256 bits  SRP-AES-256-CBC-SHA
    Rejected  TLS12  256 bits  DH-DSS-AES256-GCM-SHA384
    Rejected  TLS12  256 bits  DHE-DSS-AES256-GCM-SHA384
    Rejected  TLS12  256 bits  DH-RSA-AES256-GCM-SHA384
    Accepted  TLS12  256 bits  DHE-RSA-AES256-GCM-SHA384
    Accepted  TLS12  256 bits  DHE-RSA-AES256-SHA256
    Rejected  TLS12  256 bits  DHE-DSS-AES256-SHA256
    Rejected  TLS12  256 bits  DH-RSA-AES256-SHA256
    Rejected  TLS12  256 bits  DH-DSS-AES256-SHA256
    Accepted  TLS12  256 bits  DHE-RSA-AES256-SHA
    Rejected  TLS12  256 bits  DHE-DSS-AES256-SHA
    Rejected  TLS12  256 bits  DH-RSA-AES256-SHA
    Rejected  TLS12  256 bits  DH-DSS-AES256-SHA
    Rejected  TLS12  256 bits  DHE-RSA-CAMELLIA256-SHA
    Rejected  TLS12  256 bits  DHE-DSS-CAMELLIA256-SHA
    Rejected  TLS12  256 bits  DH-RSA-CAMELLIA256-SHA
    Rejected  TLS12  256 bits  DH-DSS-CAMELLIA256-SHA
    Rejected  TLS12  256 bits  AECDH-AES256-SHA
    Rejected  TLS12  256 bits  ADH-AES256-GCM-SHA384
    Rejected  TLS12  256 bits  ADH-AES256-SHA256
    Rejected  TLS12  256 bits  ADH-AES256-SHA
    Rejected  TLS12  256 bits  ADH-CAMELLIA256-SHA
    Rejected  TLS12  256 bits  ECDH-RSA-AES256-GCM-SHA384
    Rejected  TLS12  256 bits  ECDH-ECDSA-AES256-GCM-SHA384
    Rejected  TLS12  256 bits  ECDH-RSA-AES256-SHA384
    Rejected  TLS12  256 bits  ECDH-ECDSA-AES256-SHA384
    Rejected  TLS12  256 bits  ECDH-RSA-AES256-SHA
    Rejected  TLS12  256 bits  ECDH-ECDSA-AES256-SHA
    Rejected  TLS12  256 bits  AES256-GCM-SHA384
    Rejected  TLS12  256 bits  AES256-SHA256
    Rejected  TLS12  256 bits  AES256-SHA
    Rejected  TLS12  256 bits  CAMELLIA256-SHA
    Failed    TLS12  256 bits  PSK-AES256-CBC-SHA
    Accepted  TLS12  128 bits  ECDHE-RSA-AES128-GCM-SHA256
    Rejected  TLS12  128 bits  ECDHE-ECDSA-AES128-GCM-SHA256
    Accepted  TLS12  128 bits  ECDHE-RSA-AES128-SHA256
    Rejected  TLS12  128 bits  ECDHE-ECDSA-AES128-SHA256
    Accepted  TLS12  128 bits  ECDHE-RSA-AES128-SHA
    Rejected  TLS12  128 bits  ECDHE-ECDSA-AES128-SHA
    Failed    TLS12  128 bits  SRP-DSS-AES-128-CBC-SHA
    Failed    TLS12  128 bits  SRP-RSA-AES-128-CBC-SHA
    Failed    TLS12  128 bits  SRP-AES-128-CBC-SHA
    Rejected  TLS12  128 bits  DH-DSS-AES128-GCM-SHA256
    Rejected  TLS12  128 bits  DHE-DSS-AES128-GCM-SHA256
    Rejected  TLS12  128 bits  DH-RSA-AES128-GCM-SHA256
    Accepted  TLS12  128 bits  DHE-RSA-AES128-GCM-SHA256
    Accepted  TLS12  128 bits  DHE-RSA-AES128-SHA256
    Rejected  TLS12  128 bits  DHE-DSS-AES128-SHA256
    Rejected  TLS12  128 bits  DH-RSA-AES128-SHA256
    Rejected  TLS12  128 bits  DH-DSS-AES128-SHA256
    Accepted  TLS12  128 bits  DHE-RSA-AES128-SHA
    Rejected  TLS12  128 bits  DHE-DSS-AES128-SHA
    Rejected  TLS12  128 bits  DH-RSA-AES128-SHA
    Rejected  TLS12  128 bits  DH-DSS-AES128-SHA
    Rejected  TLS12  128 bits  DHE-RSA-SEED-SHA
    Rejected  TLS12  128 bits  DHE-DSS-SEED-SHA
    Rejected  TLS12  128 bits  DH-RSA-SEED-SHA
    Rejected  TLS12  128 bits  DH-DSS-SEED-SHA
    Rejected  TLS12  128 bits  DHE-RSA-CAMELLIA128-SHA
    Rejected  TLS12  128 bits  DHE-DSS-CAMELLIA128-SHA
    Rejected  TLS12  128 bits  DH-RSA-CAMELLIA128-SHA
    Rejected  TLS12  128 bits  DH-DSS-CAMELLIA128-SHA
    Rejected  TLS12  128 bits  AECDH-AES128-SHA
    Rejected  TLS12  128 bits  ADH-AES128-GCM-SHA256
    Rejected  TLS12  128 bits  ADH-AES128-SHA256
    Rejected  TLS12  128 bits  ADH-AES128-SHA
    Rejected  TLS12  128 bits  ADH-SEED-SHA
    Rejected  TLS12  128 bits  ADH-CAMELLIA128-SHA
    Rejected  TLS12  128 bits  ECDH-RSA-AES128-GCM-SHA256
    Rejected  TLS12  128 bits  ECDH-ECDSA-AES128-GCM-SHA256
    Rejected  TLS12  128 bits  ECDH-RSA-AES128-SHA256
    Rejected  TLS12  128 bits  ECDH-ECDSA-AES128-SHA256
    Rejected  TLS12  128 bits  ECDH-RSA-AES128-SHA
    Rejected  TLS12  128 bits  ECDH-ECDSA-AES128-SHA
    Rejected  TLS12  128 bits  AES128-GCM-SHA256
    Rejected  TLS12  128 bits  AES128-SHA256
    Rejected  TLS12  128 bits  AES128-SHA
    Rejected  TLS12  128 bits  SEED-SHA
    Rejected  TLS12  128 bits  CAMELLIA128-SHA
    Rejected  TLS12  128 bits  IDEA-CBC-SHA
    Failed    TLS12  128 bits  PSK-AES128-CBC-SHA
    Accepted  TLS12  128 bits  ECDHE-RSA-RC4-SHA
    Rejected  TLS12  128 bits  ECDHE-ECDSA-RC4-SHA
    Rejected  TLS12  128 bits  AECDH-RC4-SHA
    Rejected  TLS12  128 bits  ADH-RC4-MD5
    Rejected  TLS12  128 bits  ECDH-RSA-RC4-SHA
    Rejected  TLS12  128 bits  ECDH-ECDSA-RC4-SHA
    Accepted  TLS12  128 bits  RC4-SHA
    Rejected  TLS12  128 bits  RC4-MD5
    Failed    TLS12  128 bits  PSK-RC4-SHA
    Rejected  TLS12  112 bits  ECDHE-RSA-DES-CBC3-SHA
    Rejected  TLS12  112 bits  ECDHE-ECDSA-DES-CBC3-SHA
    Failed    TLS12  112 bits  SRP-DSS-3DES-EDE-CBC-SHA
    Failed    TLS12  112 bits  SRP-RSA-3DES-EDE-CBC-SHA
    Failed    TLS12  112 bits  SRP-3DES-EDE-CBC-SHA
    Rejected  TLS12  112 bits  EDH-RSA-DES-CBC3-SHA
    Rejected  TLS12  112 bits  EDH-DSS-DES-CBC3-SHA
    Rejected  TLS12  112 bits  DH-RSA-DES-CBC3-SHA
    Rejected  TLS12  112 bits  DH-DSS-DES-CBC3-SHA
    Rejected  TLS12  112 bits  AECDH-DES-CBC3-SHA
    Rejected  TLS12  112 bits  ADH-DES-CBC3-SHA
    Rejected  TLS12  112 bits  ECDH-RSA-DES-CBC3-SHA
    Rejected  TLS12  112 bits  ECDH-ECDSA-DES-CBC3-SHA
    Rejected  TLS12  112 bits  DES-CBC3-SHA
    Failed    TLS12  112 bits  PSK-3DES-EDE-CBC-SHA
    Rejected  TLS12  0 bits    ECDHE-RSA-NULL-SHA
    Rejected  TLS12  0 bits    ECDHE-ECDSA-NULL-SHA
    Rejected  TLS12  0 bits    AECDH-NULL-SHA
    Rejected  TLS12  0 bits    ECDH-RSA-NULL-SHA
    Rejected  TLS12  0 bits    ECDH-ECDSA-NULL-SHA
    Rejected  TLS12  0 bits    NULL-SHA256
    Rejected  TLS12  0 bits    NULL-SHA
    Rejected  TLS12  0 bits    NULL-MD5

  [34mPreferred Server Cipher(s):[0m
    TLSv1  256 bits  ECDHE-RSA-AES256-SHA
    TLS11  256 bits  ECDHE-RSA-AES256-SHA
    TLS12  256 bits  ECDHE-RSA-AES256-GCM-SHA384

  [34mSSL Certificate:[0m
    Certificate blob:
-----BEGIN CERTIFICATE-----
MIIE+jCCA+KgAwIBAgIRAImH/jfQ9+oW6WqhlGHenhQwDQYJKoZIhvcNAQELBQAw
XzELMAkGA1UEBhMCRlIxDjAMBgNVBAgTBVBhcmlzMQ4wDAYDVQQHEwVQYXJpczEO
MAwGA1UEChMFR2FuZGkxIDAeBgNVBAMTF0dhbmRpIFN0YW5kYXJkIFNTTCBDQSAy
MB4XDTE1MDgyMjAwMDAwMFoXDTE3MTAxOTIzNTk1OVowYTEhMB8GA1UECxMYRG9t
YWluIENvbnRyb2wgVmFsaWRhdGVkMSQwIgYDVQQLExtHYW5kaSBTdGFuZGFyZCBX
aWxkY2FyZCBTU0wxFjAUBgNVBAMMDSoucGluYm9hcmQuaW4wggEiMA0GCSqGSIb3
DQEBAQUAA4IBDwAwggEKAoIBAQCmwELG8RLaC+PDYRSORwf5dZ+OGDFNnot9It+n
EJh3Y9e95y2xxfQQnMfGcrj4UdMNx6Vie2Baz3yDhU6hweT5ZlpWA43u7xoF2DP5
NsgktcTZzQ+IZ124uVvDs+Q5LAH6/aHUplzmdZDzxDM9JSz8pxXmS9HSJmR1tamY
i9B+d30/yxHPibe62Ku6FQ4yoa+f2GVGdvqqvvpZ7gbwBgu6PKLVNRQPrhUdjdgE
j0h44/4DZ/sUw3Jw2cti0yELh4eDLgXonvqCUrOQ79NJTEzqBBHBUER0ltdUbCXc
zAm5IQk4pTzSUaI5rML/fcphBaWh0t0XSg9cMFAlbiNqpr9tAgMBAAGjggGtMIIB
qTAfBgNVHSMEGDAWgBSzkKfYya9OzWE8n3ytXX9B/Wkw6jAdBgNVHQ4EFgQUzuFn
Vq27SbN342v9mBiEc7tygJIwDgYDVR0PAQH/BAQDAgWgMAwGA1UdEwEB/wQCMAAw
HQYDVR0lBBYwFAYIKwYBBQUHAwEGCCsGAQUFBwMCMEsGA1UdIAREMEIwNgYLKwYB
BAGyMQECAhowJzAlBggrBgEFBQcCARYZaHR0cHM6Ly9jcHMudXNlcnRydXN0LmNv
bTAIBgZngQwBAgEwQQYDVR0fBDowODA2oDSgMoYwaHR0cDovL2NybC51c2VydHJ1
c3QuY29tL0dhbmRpU3RhbmRhcmRTU0xDQTIuY3JsMHMGCCsGAQUFBwEBBGcwZTA8
BggrBgEFBQcwAoYwaHR0cDovL2NydC51c2VydHJ1c3QuY29tL0dhbmRpU3RhbmRh
cmRTU0xDQTIuY3J0MCUGCCsGAQUFBzABhhlodHRwOi8vb2NzcC51c2VydHJ1c3Qu
Y29tMCUGA1UdEQQeMByCDSoucGluYm9hcmQuaW6CC3BpbmJvYXJkLmluMA0GCSqG
SIb3DQEBCwUAA4IBAQACGK/t/Ea5b8aKJrDAtmQwTOej6/7bhwh94MyV3pb3ILGz
OKNIythTEVykWCpzgsM6jwi8Yo3j7Rw4pc3hdek2haRlNhUgEiuTZUIX6ZctBUS/
qrz4AB1TdHWIfNETzaA7qeSABqwKfnLsGWaF2R96UuPN79b4vsXcbZTEmAXGpYyu
V/oz8PTDtsXzAvvqpcbd2wEzLqcKbVNx0XBtqgVkWb37RE6YRh489vrNMFuHIGbV
uBcQFBxpQwam3XTNPLXbE3a2nGE8csvqBEhxF8PfLrkC/qffc5eGKhd3tyrkyKek
JtGS9412oNYVfmxHwtWTbzWW+PbNI0JiIK4TbuYE
-----END CERTIFICATE-----
    Version: 2
    Serial Number: 89:87:fe:37:d0:f7:ea:16:e9:6a:a1:94:61:de:9e:14
    Signature Algorithm: sha256WithRSAEncryption
    Issuer: /C=FR/ST=Paris/L=Paris/O=Gandi/CN=Gandi Standard SSL CA 2
    Not valid before: Aug 22 00:00:00 2015 GMT
    Not valid after: Oct 19 23:59:59 2017 GMT
    Subject: /OU=Domain Control Validated/OU=Gandi Standard Wildcard SSL/CN=*.pinboard.in
    Public Key Algorithm: rsaEncryption
    RSA Public Key: (2048 bit)
      Public-Key: (2048 bit)
      Modulus:
          00:a6:c0:42:c6:f1:12:da:0b:e3:c3:61:14:8e:47:
          07:f9:75:9f:8e:18:31:4d:9e:8b:7d:22:df:a7:10:
          98:77:63:d7:bd:e7:2d:b1:c5:f4:10:9c:c7:c6:72:
          b8:f8:51:d3:0d:c7:a5:62:7b:60:5a:cf:7c:83:85:
          4e:a1:c1:e4:f9:66:5a:56:03:8d:ee:ef:1a:05:d8:
          33:f9:36:c8:24:b5:c4:d9:cd:0f:88:67:5d:b8:b9:
          5b:c3:b3:e4:39:2c:01:fa:fd:a1:d4:a6:5c:e6:75:
          90:f3:c4:33:3d:25:2c:fc:a7:15:e6:4b:d1:d2:26:
          64:75:b5:a9:98:8b:d0:7e:77:7d:3f:cb:11:cf:89:
          b7:ba:d8:ab:ba:15:0e:32:a1:af:9f:d8:65:46:76:
          fa:aa:be:fa:59:ee:06:f0:06:0b:ba:3c:a2:d5:35:
          14:0f:ae:15:1d:8d:d8:04:8f:48:78:e3:fe:03:67:
          fb:14:c3:72:70:d9:cb:62:d3:21:0b:87:87:83:2e:
          05:e8:9e:fa:82:52:b3:90:ef:d3:49:4c:4c:ea:04:
          11:c1:50:44:74:96:d7:54:6c:25:dc:cc:09:b9:21:
          09:38:a5:3c:d2:51:a2:39:ac:c2:ff:7d:ca:61:05:
          a5:a1:d2:dd:17:4a:0f:5c:30:50:25:6e:23:6a:a6:
          bf:6d
      Exponent: 65537 (0x10001)
    X509v3 Extensions:
      X509v3 Authority Key Identifier: 
        keyid:B3:90:A7:D8:C9:AF:4E:CD:61:3C:9F:7C:AD:5D:7F:41:FD:69:30:EA

      X509v3 Subject Key Identifier: 
        CE:E1:67:56:AD:BB:49:B3:77:E3:6B:FD:98:18:84:73:BB:72:80:92
      X509v3 Key Usage: critical
        Digital Signature, Key Encipherment
      X509v3 Basic Constraints: critical
        CA:FALSE
      X509v3 Extended Key Usage: 
        TLS Web Server Authentication, TLS Web Client Authentication
      X509v3 Certificate Policies: 
        Policy: 1.3.6.1.4.1.6449.1.2.2.26
          CPS: https://cps.usertrust.com
        Policy: 2.23.140.1.2.1

      X509v3 CRL Distribution Points: 

        Full Name:
          URI:http://crl.usertrust.com/GandiStandardSSLCA2.crl

      Authority Information Access: 
        CA Issuers - URI:http://crt.usertrust.com/GandiStandardSSLCA2.crt
        OCSP - URI:http://ocsp.usertrust.com

      X509v3 Subject Alternative Name: 
        DNS:*.pinboard.in, DNS:pinboard.in
  Verify Certificate:
    unable to get local issuer certificate
